{"level":"info","message":"Server is running on port 3000","timestamp":"2025-03-13 16:24:47"}
{"level":"info","message":"@distube/ytdl-core version: 4.16.4","timestamp":"2025-03-13 16:24:47"}
{"level":"info","message":"Fetching video info","timestamp":"2025-03-13 16:24:47","type":"video","url":"https://www.youtube.com/watch?v=aqz-KE-bpKQ"}
{"level":"info","message":"Video info fetched successfully","timestamp":"2025-03-13 16:24:48","videoId":"aqz-KE-bpKQ"}
{"level":"info","message":"Found 9 valid formats","timestamp":"2025-03-13 16:24:48","videoId":"aqz-KE-bpKQ"}
{"error":"No video id found: \"https://youtube.com/invalid\"","level":"error","message":"Error in /video-info","stack":"Error: No video id found: \"https://youtube.com/invalid\"\n    at Object.<anonymous>.exports.getURLVideoID (/Users/clive.machado/Documents/clive-per-work/youtube-download/node_modules/@distube/ytdl-core/lib/url-utils.js:36:11)\n    at Function.Object.<anonymous>.exports.getVideoID (/Users/clive.machado/Documents/clive-per-work/youtube-download/node_modules/@distube/ytdl-core/lib/url-utils.js:59:20)\n    at getVideoID (/Users/clive.machado/Documents/clive-per-work/youtube-download/server.js:65:30)\n    at Layer.handle [as handle_request] (/Users/clive.machado/Documents/clive-per-work/youtube-download/node_modules/express/lib/router/layer.js:95:5)\n    at next (/Users/clive.machado/Documents/clive-per-work/youtube-download/node_modules/express/lib/router/route.js:149:13)\n    at Route.dispatch (/Users/clive.machado/Documents/clive-per-work/youtube-download/node_modules/express/lib/router/route.js:119:3)\n    at Layer.handle [as handle_request] (/Users/clive.machado/Documents/clive-per-work/youtube-download/node_modules/express/lib/router/layer.js:95:5)\n    at /Users/clive.machado/Documents/clive-per-work/youtube-download/node_modules/express/lib/router/index.js:284:15\n    at Function.process_params (/Users/clive.machado/Documents/clive-per-work/youtube-download/node_modules/express/lib/router/index.js:346:12)\n    at next (/Users/clive.machado/Documents/clive-per-work/youtube-download/node_modules/express/lib/router/index.js:280:10)\n    at /Users/clive.machado/Documents/clive-per-work/youtube-download/node_modules/express-rate-limit/dist/index.cjs:822:7\n    at /Users/clive.machado/Documents/clive-per-work/youtube-download/node_modules/express-rate-limit/dist/index.cjs:704:5","timestamp":"2025-03-13 16:24:48","url":"https://youtube.com/invalid"}
{"error":"No URL provided","level":"error","message":"Error in /video-info","stack":"Error: No URL provided\n    at /Users/clive.machado/Documents/clive-per-work/youtube-download/server.js:61:19\n    at Layer.handle [as handle_request] (/Users/clive.machado/Documents/clive-per-work/youtube-download/node_modules/express/lib/router/layer.js:95:5)\n    at next (/Users/clive.machado/Documents/clive-per-work/youtube-download/node_modules/express/lib/router/route.js:149:13)\n    at Route.dispatch (/Users/clive.machado/Documents/clive-per-work/youtube-download/node_modules/express/lib/router/route.js:119:3)\n    at Layer.handle [as handle_request] (/Users/clive.machado/Documents/clive-per-work/youtube-download/node_modules/express/lib/router/layer.js:95:5)\n    at /Users/clive.machado/Documents/clive-per-work/youtube-download/node_modules/express/lib/router/index.js:284:15\n    at Function.process_params (/Users/clive.machado/Documents/clive-per-work/youtube-download/node_modules/express/lib/router/index.js:346:12)\n    at next (/Users/clive.machado/Documents/clive-per-work/youtube-download/node_modules/express/lib/router/index.js:280:10)\n    at /Users/clive.machado/Documents/clive-per-work/youtube-download/node_modules/express-rate-limit/dist/index.cjs:822:7\n    at /Users/clive.machado/Documents/clive-per-work/youtube-download/node_modules/express-rate-limit/dist/index.cjs:704:5","timestamp":"2025-03-13 16:24:48"}
{"level":"info","message":"Fetching video info","timestamp":"2025-03-13 16:24:48","type":"audio","url":"https://www.youtube.com/watch?v=aqz-KE-bpKQ"}
{"level":"info","message":"Video info fetched successfully","timestamp":"2025-03-13 16:24:49","videoId":"aqz-KE-bpKQ"}
{"level":"info","message":"Found 18 valid formats","timestamp":"2025-03-13 16:24:49","videoId":"aqz-KE-bpKQ"}
{"level":"info","message":"Fetching video info","timestamp":"2025-03-13 16:24:49","type":"video","url":"https://www.youtube.com/watch?v=aqz-KE-bpKQ"}
{"level":"info","message":"Video info fetched successfully","timestamp":"2025-03-13 16:24:49","videoId":"aqz-KE-bpKQ"}
{"level":"info","message":"Found 9 valid formats","timestamp":"2025-03-13 16:24:49","videoId":"aqz-KE-bpKQ"}
{"itag":"315","level":"info","message":"Starting download","timestamp":"2025-03-13 16:24:49","type":"video","url":"https://www.youtube.com/watch?v=aqz-KE-bpKQ","videoId":"aqz-KE-bpKQ"}
{"level":"info","message":"Merging video and audio streams...","timestamp":"2025-03-13 16:24:49","videoId":"aqz-KE-bpKQ"}
{"level":"info","message":"Download cancelled by client","timestamp":"2025-03-13 16:24:49","videoId":"aqz-KE-bpKQ"}
{"error":"Missing URL or quality selection","level":"error","message":"Error in /download","query":{"itag":"18"},"stack":"Error: Missing URL or quality selection\n    at /Users/clive.machado/Documents/clive-per-work/youtube-download/server.js:165:19\n    at Layer.handle [as handle_request] (/Users/clive.machado/Documents/clive-per-work/youtube-download/node_modules/express/lib/router/layer.js:95:5)\n    at next (/Users/clive.machado/Documents/clive-per-work/youtube-download/node_modules/express/lib/router/route.js:149:13)\n    at Route.dispatch (/Users/clive.machado/Documents/clive-per-work/youtube-download/node_modules/express/lib/router/route.js:119:3)\n    at Layer.handle [as handle_request] (/Users/clive.machado/Documents/clive-per-work/youtube-download/node_modules/express/lib/router/layer.js:95:5)\n    at /Users/clive.machado/Documents/clive-per-work/youtube-download/node_modules/express/lib/router/index.js:284:15\n    at Function.process_params (/Users/clive.machado/Documents/clive-per-work/youtube-download/node_modules/express/lib/router/index.js:346:12)\n    at next (/Users/clive.machado/Documents/clive-per-work/youtube-download/node_modules/express/lib/router/index.js:280:10)\n    at /Users/clive.machado/Documents/clive-per-work/youtube-download/node_modules/express-rate-limit/dist/index.cjs:822:7\n    at /Users/clive.machado/Documents/clive-per-work/youtube-download/node_modules/express-rate-limit/dist/index.cjs:704:5","timestamp":"2025-03-13 16:24:49"}
{"code":255,"level":"error","message":"FFmpeg process exited with error","signal":null,"timestamp":"2025-03-13 16:24:49","videoId":"aqz-KE-bpKQ"}
{"error":"Missing URL or quality selection","level":"error","message":"Error in /download","query":{"url":"https://www.youtube.com/watch?v=aqz-KE-bpKQ"},"stack":"Error: Missing URL or quality selection\n    at /Users/clive.machado/Documents/clive-per-work/youtube-download/server.js:165:19\n    at Layer.handle [as handle_request] (/Users/clive.machado/Documents/clive-per-work/youtube-download/node_modules/express/lib/router/layer.js:95:5)\n    at next (/Users/clive.machado/Documents/clive-per-work/youtube-download/node_modules/express/lib/router/route.js:149:13)\n    at Route.dispatch (/Users/clive.machado/Documents/clive-per-work/youtube-download/node_modules/express/lib/router/route.js:119:3)\n    at Layer.handle [as handle_request] (/Users/clive.machado/Documents/clive-per-work/youtube-download/node_modules/express/lib/router/layer.js:95:5)\n    at /Users/clive.machado/Documents/clive-per-work/youtube-download/node_modules/express/lib/router/index.js:284:15\n    at Function.process_params (/Users/clive.machado/Documents/clive-per-work/youtube-download/node_modules/express/lib/router/index.js:346:12)\n    at next (/Users/clive.machado/Documents/clive-per-work/youtube-download/node_modules/express/lib/router/index.js:280:10)\n    at /Users/clive.machado/Documents/clive-per-work/youtube-download/node_modules/express-rate-limit/dist/index.cjs:822:7\n    at /Users/clive.machado/Documents/clive-per-work/youtube-download/node_modules/express-rate-limit/dist/index.cjs:704:5","timestamp":"2025-03-13 16:24:49"}
{"level":"info","message":"Fetching video info","timestamp":"2025-03-13 16:24:49","type":"audio","url":"https://www.youtube.com/watch?v=aqz-KE-bpKQ"}
{"level":"info","message":"Video info fetched successfully","timestamp":"2025-03-13 16:24:50","videoId":"aqz-KE-bpKQ"}
{"level":"info","message":"Found 18 valid formats","timestamp":"2025-03-13 16:24:50","videoId":"aqz-KE-bpKQ"}
{"itag":"251","level":"info","message":"Starting download","timestamp":"2025-03-13 16:24:50","type":"audio","url":"https://www.youtube.com/watch?v=aqz-KE-bpKQ","videoId":"aqz-KE-bpKQ"}
{"level":"info","message":"Converting audio stream to MP3","timestamp":"2025-03-13 16:24:51","videoId":"aqz-KE-bpKQ"}
{"level":"info","message":"Download cancelled by client","timestamp":"2025-03-13 16:24:57","videoId":"aqz-KE-bpKQ"}
{"level":"info","message":"Download cancelled by client","timestamp":"2025-03-13 16:24:57","videoId":"aqz-KE-bpKQ"}
{"level":"info","message":"Fetching video info","timestamp":"2025-03-13 16:24:57","type":"video","url":"https://www.youtube.com/watch?v=aqz-KE-bpKQ"}
{"level":"info","message":"Fetching video info","timestamp":"2025-03-13 16:24:57","type":"video","url":"https://www.youtube.com/watch?v=aqz-KE-bpKQ"}
{"level":"info","message":"Fetching video info","timestamp":"2025-03-13 16:24:57","type":"video","url":"https://www.youtube.com/watch?v=aqz-KE-bpKQ"}
{"level":"info","message":"Fetching video info","timestamp":"2025-03-13 16:24:57","type":"video","url":"https://www.youtube.com/watch?v=aqz-KE-bpKQ"}
{"level":"info","message":"Fetching video info","timestamp":"2025-03-13 16:24:57","type":"video","url":"https://www.youtube.com/watch?v=aqz-KE-bpKQ"}
{"level":"info","message":"Fetching video info","timestamp":"2025-03-13 16:24:57","type":"video","url":"https://www.youtube.com/watch?v=aqz-KE-bpKQ"}
{"level":"info","message":"Fetching video info","timestamp":"2025-03-13 16:24:57","type":"video","url":"https://www.youtube.com/watch?v=aqz-KE-bpKQ"}
{"level":"info","message":"Fetching video info","timestamp":"2025-03-13 16:24:57","type":"video","url":"https://www.youtube.com/watch?v=aqz-KE-bpKQ"}
{"level":"info","message":"Fetching video info","timestamp":"2025-03-13 16:24:57","type":"video","url":"https://www.youtube.com/watch?v=aqz-KE-bpKQ"}
{"level":"info","message":"Fetching video info","timestamp":"2025-03-13 16:24:57","type":"video","url":"https://www.youtube.com/watch?v=aqz-KE-bpKQ"}
{"level":"info","message":"Fetching video info","timestamp":"2025-03-13 16:24:57","type":"video","url":"https://www.youtube.com/watch?v=aqz-KE-bpKQ"}
{"level":"info","message":"Fetching video info","timestamp":"2025-03-13 16:24:57","type":"video","url":"https://www.youtube.com/watch?v=aqz-KE-bpKQ"}
{"level":"info","message":"Fetching video info","timestamp":"2025-03-13 16:24:57","type":"video","url":"https://www.youtube.com/watch?v=aqz-KE-bpKQ"}
{"level":"info","message":"Fetching video info","timestamp":"2025-03-13 16:24:57","type":"video","url":"https://www.youtube.com/watch?v=aqz-KE-bpKQ"}
{"level":"info","message":"Fetching video info","timestamp":"2025-03-13 16:24:57","type":"video","url":"https://www.youtube.com/watch?v=aqz-KE-bpKQ"}
{"level":"info","message":"Fetching video info","timestamp":"2025-03-13 16:24:57","type":"video","url":"https://www.youtube.com/watch?v=aqz-KE-bpKQ"}
{"level":"info","message":"Fetching video info","timestamp":"2025-03-13 16:24:57","type":"video","url":"https://www.youtube.com/watch?v=aqz-KE-bpKQ"}
{"level":"info","message":"Fetching video info","timestamp":"2025-03-13 16:24:57","type":"video","url":"https://www.youtube.com/watch?v=aqz-KE-bpKQ"}
{"level":"info","message":"Fetching video info","timestamp":"2025-03-13 16:24:57","type":"video","url":"https://www.youtube.com/watch?v=aqz-KE-bpKQ"}
{"level":"info","message":"Fetching video info","timestamp":"2025-03-13 16:24:57","type":"video","url":"https://www.youtube.com/watch?v=aqz-KE-bpKQ"}
{"level":"info","message":"Fetching video info","timestamp":"2025-03-13 16:24:57","type":"video","url":"https://www.youtube.com/watch?v=aqz-KE-bpKQ"}
{"level":"info","message":"Fetching video info","timestamp":"2025-03-13 16:24:57","type":"video","url":"https://www.youtube.com/watch?v=aqz-KE-bpKQ"}
{"level":"info","message":"Fetching video info","timestamp":"2025-03-13 16:24:57","type":"video","url":"https://www.youtube.com/watch?v=aqz-KE-bpKQ"}
{"level":"info","message":"Fetching video info","timestamp":"2025-03-13 16:24:57","type":"video","url":"https://www.youtube.com/watch?v=aqz-KE-bpKQ"}
{"level":"info","message":"Fetching video info","timestamp":"2025-03-13 16:24:57","type":"video","url":"https://www.youtube.com/watch?v=aqz-KE-bpKQ"}
{"level":"info","message":"Fetching video info","timestamp":"2025-03-13 16:24:57","type":"video","url":"https://www.youtube.com/watch?v=aqz-KE-bpKQ"}
{"level":"info","message":"Fetching video info","timestamp":"2025-03-13 16:24:57","type":"video","url":"https://www.youtube.com/watch?v=aqz-KE-bpKQ"}
{"level":"info","message":"Fetching video info","timestamp":"2025-03-13 16:24:57","type":"video","url":"https://www.youtube.com/watch?v=aqz-KE-bpKQ"}
{"level":"info","message":"Fetching video info","timestamp":"2025-03-13 16:24:57","type":"video","url":"https://www.youtube.com/watch?v=aqz-KE-bpKQ"}
{"level":"info","message":"Fetching video info","timestamp":"2025-03-13 16:24:57","type":"video","url":"https://www.youtube.com/watch?v=aqz-KE-bpKQ"}
{"level":"info","message":"Fetching video info","timestamp":"2025-03-13 16:24:57","type":"video","url":"https://www.youtube.com/watch?v=aqz-KE-bpKQ"}
{"level":"info","message":"Fetching video info","timestamp":"2025-03-13 16:24:57","type":"video","url":"https://www.youtube.com/watch?v=aqz-KE-bpKQ"}
{"level":"info","message":"Fetching video info","timestamp":"2025-03-13 16:24:57","type":"video","url":"https://www.youtube.com/watch?v=aqz-KE-bpKQ"}
{"level":"info","message":"Fetching video info","timestamp":"2025-03-13 16:24:57","type":"video","url":"https://www.youtube.com/watch?v=aqz-KE-bpKQ"}
{"level":"info","message":"Fetching video info","timestamp":"2025-03-13 16:24:57","type":"video","url":"https://www.youtube.com/watch?v=aqz-KE-bpKQ"}
{"level":"info","message":"Fetching video info","timestamp":"2025-03-13 16:24:57","type":"video","url":"https://www.youtube.com/watch?v=aqz-KE-bpKQ"}
{"level":"info","message":"Fetching video info","timestamp":"2025-03-13 16:24:57","type":"video","url":"https://www.youtube.com/watch?v=aqz-KE-bpKQ"}
{"level":"info","message":"Fetching video info","timestamp":"2025-03-13 16:24:57","type":"video","url":"https://www.youtube.com/watch?v=aqz-KE-bpKQ"}
{"level":"info","message":"Fetching video info","timestamp":"2025-03-13 16:24:57","type":"video","url":"https://www.youtube.com/watch?v=aqz-KE-bpKQ"}
{"level":"info","message":"Fetching video info","timestamp":"2025-03-13 16:24:57","type":"video","url":"https://www.youtube.com/watch?v=aqz-KE-bpKQ"}
{"level":"info","message":"Fetching video info","timestamp":"2025-03-13 16:24:57","type":"video","url":"https://www.youtube.com/watch?v=aqz-KE-bpKQ"}
{"level":"info","message":"Fetching video info","timestamp":"2025-03-13 16:24:57","type":"video","url":"https://www.youtube.com/watch?v=aqz-KE-bpKQ"}
{"level":"info","message":"Fetching video info","timestamp":"2025-03-13 16:24:57","type":"video","url":"https://www.youtube.com/watch?v=aqz-KE-bpKQ"}
{"level":"info","message":"Fetching video info","timestamp":"2025-03-13 16:24:57","type":"video","url":"https://www.youtube.com/watch?v=aqz-KE-bpKQ"}
{"level":"info","message":"Fetching video info","timestamp":"2025-03-13 16:24:57","type":"video","url":"https://www.youtube.com/watch?v=aqz-KE-bpKQ"}
{"level":"info","message":"Fetching video info","timestamp":"2025-03-13 16:24:57","type":"video","url":"https://www.youtube.com/watch?v=aqz-KE-bpKQ"}
{"level":"info","message":"Fetching video info","timestamp":"2025-03-13 16:24:57","type":"video","url":"https://www.youtube.com/watch?v=aqz-KE-bpKQ"}
{"level":"info","message":"Fetching video info","timestamp":"2025-03-13 16:24:57","type":"video","url":"https://www.youtube.com/watch?v=aqz-KE-bpKQ"}
{"level":"info","message":"Fetching video info","timestamp":"2025-03-13 16:24:57","type":"video","url":"https://www.youtube.com/watch?v=aqz-KE-bpKQ"}
{"level":"info","message":"Fetching video info","timestamp":"2025-03-13 16:24:57","type":"video","url":"https://www.youtube.com/watch?v=aqz-KE-bpKQ"}
{"level":"info","message":"Fetching video info","timestamp":"2025-03-13 16:24:57","type":"video","url":"https://www.youtube.com/watch?v=aqz-KE-bpKQ"}
{"level":"info","message":"Fetching video info","timestamp":"2025-03-13 16:24:57","type":"video","url":"https://www.youtube.com/watch?v=aqz-KE-bpKQ"}
{"level":"info","message":"Fetching video info","timestamp":"2025-03-13 16:24:57","type":"video","url":"https://www.youtube.com/watch?v=aqz-KE-bpKQ"}
{"level":"info","message":"Fetching video info","timestamp":"2025-03-13 16:24:57","type":"video","url":"https://www.youtube.com/watch?v=aqz-KE-bpKQ"}
{"level":"info","message":"Fetching video info","timestamp":"2025-03-13 16:24:57","type":"video","url":"https://www.youtube.com/watch?v=aqz-KE-bpKQ"}
{"level":"info","message":"Fetching video info","timestamp":"2025-03-13 16:24:57","type":"video","url":"https://www.youtube.com/watch?v=aqz-KE-bpKQ"}
{"level":"info","message":"Fetching video info","timestamp":"2025-03-13 16:24:57","type":"video","url":"https://www.youtube.com/watch?v=aqz-KE-bpKQ"}
{"level":"info","message":"Fetching video info","timestamp":"2025-03-13 16:24:57","type":"video","url":"https://www.youtube.com/watch?v=aqz-KE-bpKQ"}
{"level":"info","message":"Fetching video info","timestamp":"2025-03-13 16:24:57","type":"video","url":"https://www.youtube.com/watch?v=aqz-KE-bpKQ"}
{"level":"info","message":"Fetching video info","timestamp":"2025-03-13 16:24:57","type":"video","url":"https://www.youtube.com/watch?v=aqz-KE-bpKQ"}
{"level":"info","message":"Fetching video info","timestamp":"2025-03-13 16:24:57","type":"video","url":"https://www.youtube.com/watch?v=aqz-KE-bpKQ"}
{"level":"info","message":"Fetching video info","timestamp":"2025-03-13 16:24:57","type":"video","url":"https://www.youtube.com/watch?v=aqz-KE-bpKQ"}
{"level":"info","message":"Fetching video info","timestamp":"2025-03-13 16:24:57","type":"video","url":"https://www.youtube.com/watch?v=aqz-KE-bpKQ"}
{"level":"info","message":"Fetching video info","timestamp":"2025-03-13 16:24:57","type":"video","url":"https://www.youtube.com/watch?v=aqz-KE-bpKQ"}
{"level":"info","message":"Fetching video info","timestamp":"2025-03-13 16:24:57","type":"video","url":"https://www.youtube.com/watch?v=aqz-KE-bpKQ"}
{"level":"info","message":"Fetching video info","timestamp":"2025-03-13 16:24:57","type":"video","url":"https://www.youtube.com/watch?v=aqz-KE-bpKQ"}
{"level":"info","message":"Fetching video info","timestamp":"2025-03-13 16:24:57","type":"video","url":"https://www.youtube.com/watch?v=aqz-KE-bpKQ"}
{"level":"info","message":"Fetching video info","timestamp":"2025-03-13 16:24:57","type":"video","url":"https://www.youtube.com/watch?v=aqz-KE-bpKQ"}
{"level":"info","message":"Fetching video info","timestamp":"2025-03-13 16:24:57","type":"video","url":"https://www.youtube.com/watch?v=aqz-KE-bpKQ"}
{"level":"info","message":"Fetching video info","timestamp":"2025-03-13 16:24:57","type":"video","url":"https://www.youtube.com/watch?v=aqz-KE-bpKQ"}
{"level":"info","message":"Fetching video info","timestamp":"2025-03-13 16:24:57","type":"video","url":"https://www.youtube.com/watch?v=aqz-KE-bpKQ"}
{"level":"info","message":"Fetching video info","timestamp":"2025-03-13 16:24:57","type":"video","url":"https://www.youtube.com/watch?v=aqz-KE-bpKQ"}
{"level":"info","message":"Fetching video info","timestamp":"2025-03-13 16:24:57","type":"video","url":"https://www.youtube.com/watch?v=aqz-KE-bpKQ"}
{"level":"info","message":"Fetching video info","timestamp":"2025-03-13 16:24:57","type":"video","url":"https://www.youtube.com/watch?v=aqz-KE-bpKQ"}
{"level":"info","message":"Fetching video info","timestamp":"2025-03-13 16:24:57","type":"video","url":"https://www.youtube.com/watch?v=aqz-KE-bpKQ"}
{"level":"info","message":"Fetching video info","timestamp":"2025-03-13 16:24:57","type":"video","url":"https://www.youtube.com/watch?v=aqz-KE-bpKQ"}
{"level":"info","message":"Fetching video info","timestamp":"2025-03-13 16:24:57","type":"video","url":"https://www.youtube.com/watch?v=aqz-KE-bpKQ"}
{"level":"info","message":"Fetching video info","timestamp":"2025-03-13 16:24:57","type":"video","url":"https://www.youtube.com/watch?v=aqz-KE-bpKQ"}
{"level":"info","message":"Fetching video info","timestamp":"2025-03-13 16:24:57","type":"video","url":"https://www.youtube.com/watch?v=aqz-KE-bpKQ"}
{"level":"info","message":"Fetching video info","timestamp":"2025-03-13 16:24:57","type":"video","url":"https://www.youtube.com/watch?v=aqz-KE-bpKQ"}
{"level":"info","message":"Fetching video info","timestamp":"2025-03-13 16:24:57","type":"video","url":"https://www.youtube.com/watch?v=aqz-KE-bpKQ"}
{"level":"info","message":"Fetching video info","timestamp":"2025-03-13 16:24:57","type":"video","url":"https://www.youtube.com/watch?v=aqz-KE-bpKQ"}
{"level":"info","message":"Fetching video info","timestamp":"2025-03-13 16:24:57","type":"video","url":"https://www.youtube.com/watch?v=aqz-KE-bpKQ"}
{"level":"info","message":"Fetching video info","timestamp":"2025-03-13 16:24:57","type":"video","url":"https://www.youtube.com/watch?v=aqz-KE-bpKQ"}
{"level":"info","message":"Fetching video info","timestamp":"2025-03-13 16:24:57","type":"video","url":"https://www.youtube.com/watch?v=aqz-KE-bpKQ"}
{"level":"info","message":"Fetching video info","timestamp":"2025-03-13 16:24:57","type":"video","url":"https://www.youtube.com/watch?v=aqz-KE-bpKQ"}
{"level":"info","message":"Fetching video info","timestamp":"2025-03-13 16:24:57","type":"video","url":"https://www.youtube.com/watch?v=aqz-KE-bpKQ"}
{"level":"info","message":"Fetching video info","timestamp":"2025-03-13 16:24:57","type":"video","url":"https://www.youtube.com/watch?v=aqz-KE-bpKQ"}
{"level":"info","message":"Fetching video info","timestamp":"2025-03-13 16:24:57","type":"video","url":"https://www.youtube.com/watch?v=aqz-KE-bpKQ"}
{"level":"info","message":"Fetching video info","timestamp":"2025-03-13 16:24:57","type":"video","url":"https://www.youtube.com/watch?v=aqz-KE-bpKQ"}
{"level":"info","message":"Fetching video info","timestamp":"2025-03-13 16:24:57","type":"video","url":"https://www.youtube.com/watch?v=aqz-KE-bpKQ"}
{"level":"info","message":"Fetching video info","timestamp":"2025-03-13 16:24:57","type":"video","url":"https://www.youtube.com/watch?v=aqz-KE-bpKQ"}
{"level":"info","message":"Fetching video info","timestamp":"2025-03-13 16:24:57","type":"video","url":"https://www.youtube.com/watch?v=aqz-KE-bpKQ"}
{"level":"info","message":"Fetching video info","timestamp":"2025-03-13 16:24:57","type":"video","url":"https://www.youtube.com/watch?v=aqz-KE-bpKQ"}
{"level":"info","message":"Video info fetched successfully","timestamp":"2025-03-13 16:24:59","videoId":"aqz-KE-bpKQ"}
{"level":"info","message":"Found 9 valid formats","timestamp":"2025-03-13 16:24:59","videoId":"aqz-KE-bpKQ"}
{"level":"info","message":"Video info fetched successfully","timestamp":"2025-03-13 16:24:59","videoId":"aqz-KE-bpKQ"}
{"level":"info","message":"Found 9 valid formats","timestamp":"2025-03-13 16:24:59","videoId":"aqz-KE-bpKQ"}
{"level":"info","message":"Video info fetched successfully","timestamp":"2025-03-13 16:24:59","videoId":"aqz-KE-bpKQ"}
{"level":"info","message":"Found 9 valid formats","timestamp":"2025-03-13 16:24:59","videoId":"aqz-KE-bpKQ"}
{"level":"info","message":"Video info fetched successfully","timestamp":"2025-03-13 16:24:59","videoId":"aqz-KE-bpKQ"}
{"level":"info","message":"Found 9 valid formats","timestamp":"2025-03-13 16:24:59","videoId":"aqz-KE-bpKQ"}
{"level":"info","message":"Video info fetched successfully","timestamp":"2025-03-13 16:24:59","videoId":"aqz-KE-bpKQ"}
{"level":"info","message":"Found 9 valid formats","timestamp":"2025-03-13 16:24:59","videoId":"aqz-KE-bpKQ"}
{"level":"info","message":"Video info fetched successfully","timestamp":"2025-03-13 16:24:59","videoId":"aqz-KE-bpKQ"}
{"level":"info","message":"Found 9 valid formats","timestamp":"2025-03-13 16:24:59","videoId":"aqz-KE-bpKQ"}
{"level":"info","message":"Video info fetched successfully","timestamp":"2025-03-13 16:24:59","videoId":"aqz-KE-bpKQ"}
{"level":"info","message":"Found 9 valid formats","timestamp":"2025-03-13 16:24:59","videoId":"aqz-KE-bpKQ"}
{"level":"info","message":"Video info fetched successfully","timestamp":"2025-03-13 16:24:59","videoId":"aqz-KE-bpKQ"}
{"level":"info","message":"Found 9 valid formats","timestamp":"2025-03-13 16:24:59","videoId":"aqz-KE-bpKQ"}
{"level":"info","message":"Video info fetched successfully","timestamp":"2025-03-13 16:24:59","videoId":"aqz-KE-bpKQ"}
{"level":"info","message":"Found 9 valid formats","timestamp":"2025-03-13 16:24:59","videoId":"aqz-KE-bpKQ"}
{"level":"info","message":"Video info fetched successfully","timestamp":"2025-03-13 16:24:59","videoId":"aqz-KE-bpKQ"}
{"level":"info","message":"Found 9 valid formats","timestamp":"2025-03-13 16:24:59","videoId":"aqz-KE-bpKQ"}
{"level":"info","message":"Video info fetched successfully","timestamp":"2025-03-13 16:24:59","videoId":"aqz-KE-bpKQ"}
{"level":"info","message":"Found 9 valid formats","timestamp":"2025-03-13 16:24:59","videoId":"aqz-KE-bpKQ"}
{"level":"info","message":"Video info fetched successfully","timestamp":"2025-03-13 16:24:59","videoId":"aqz-KE-bpKQ"}
{"level":"info","message":"Found 9 valid formats","timestamp":"2025-03-13 16:24:59","videoId":"aqz-KE-bpKQ"}
{"level":"info","message":"Video info fetched successfully","timestamp":"2025-03-13 16:24:59","videoId":"aqz-KE-bpKQ"}
{"level":"info","message":"Found 9 valid formats","timestamp":"2025-03-13 16:24:59","videoId":"aqz-KE-bpKQ"}
{"level":"info","message":"Video info fetched successfully","timestamp":"2025-03-13 16:24:59","videoId":"aqz-KE-bpKQ"}
{"level":"info","message":"Found 9 valid formats","timestamp":"2025-03-13 16:24:59","videoId":"aqz-KE-bpKQ"}
{"level":"info","message":"Video info fetched successfully","timestamp":"2025-03-13 16:24:59","videoId":"aqz-KE-bpKQ"}
{"level":"info","message":"Found 9 valid formats","timestamp":"2025-03-13 16:24:59","videoId":"aqz-KE-bpKQ"}
{"level":"info","message":"Video info fetched successfully","timestamp":"2025-03-13 16:24:59","videoId":"aqz-KE-bpKQ"}
{"level":"info","message":"Found 9 valid formats","timestamp":"2025-03-13 16:24:59","videoId":"aqz-KE-bpKQ"}
{"level":"info","message":"Video info fetched successfully","timestamp":"2025-03-13 16:24:59","videoId":"aqz-KE-bpKQ"}
{"level":"info","message":"Found 9 valid formats","timestamp":"2025-03-13 16:24:59","videoId":"aqz-KE-bpKQ"}
{"level":"info","message":"Video info fetched successfully","timestamp":"2025-03-13 16:24:59","videoId":"aqz-KE-bpKQ"}
{"level":"info","message":"Found 9 valid formats","timestamp":"2025-03-13 16:24:59","videoId":"aqz-KE-bpKQ"}
{"level":"info","message":"Video info fetched successfully","timestamp":"2025-03-13 16:24:59","videoId":"aqz-KE-bpKQ"}
{"level":"info","message":"Found 9 valid formats","timestamp":"2025-03-13 16:24:59","videoId":"aqz-KE-bpKQ"}
{"level":"info","message":"Video info fetched successfully","timestamp":"2025-03-13 16:24:59","videoId":"aqz-KE-bpKQ"}
{"level":"info","message":"Found 9 valid formats","timestamp":"2025-03-13 16:24:59","videoId":"aqz-KE-bpKQ"}
{"level":"info","message":"Video info fetched successfully","timestamp":"2025-03-13 16:24:59","videoId":"aqz-KE-bpKQ"}
{"level":"info","message":"Found 9 valid formats","timestamp":"2025-03-13 16:24:59","videoId":"aqz-KE-bpKQ"}
{"level":"info","message":"Video info fetched successfully","timestamp":"2025-03-13 16:24:59","videoId":"aqz-KE-bpKQ"}
{"level":"info","message":"Found 9 valid formats","timestamp":"2025-03-13 16:24:59","videoId":"aqz-KE-bpKQ"}
{"level":"info","message":"Video info fetched successfully","timestamp":"2025-03-13 16:24:59","videoId":"aqz-KE-bpKQ"}
{"level":"info","message":"Found 9 valid formats","timestamp":"2025-03-13 16:24:59","videoId":"aqz-KE-bpKQ"}
{"level":"info","message":"Video info fetched successfully","timestamp":"2025-03-13 16:24:59","videoId":"aqz-KE-bpKQ"}
{"level":"info","message":"Found 9 valid formats","timestamp":"2025-03-13 16:24:59","videoId":"aqz-KE-bpKQ"}
{"level":"info","message":"Video info fetched successfully","timestamp":"2025-03-13 16:24:59","videoId":"aqz-KE-bpKQ"}
{"level":"info","message":"Found 9 valid formats","timestamp":"2025-03-13 16:24:59","videoId":"aqz-KE-bpKQ"}
{"level":"info","message":"Video info fetched successfully","timestamp":"2025-03-13 16:24:59","videoId":"aqz-KE-bpKQ"}
{"level":"info","message":"Found 9 valid formats","timestamp":"2025-03-13 16:24:59","videoId":"aqz-KE-bpKQ"}
{"level":"info","message":"Video info fetched successfully","timestamp":"2025-03-13 16:24:59","videoId":"aqz-KE-bpKQ"}
{"level":"info","message":"Found 9 valid formats","timestamp":"2025-03-13 16:24:59","videoId":"aqz-KE-bpKQ"}
{"level":"info","message":"Video info fetched successfully","timestamp":"2025-03-13 16:24:59","videoId":"aqz-KE-bpKQ"}
{"level":"info","message":"Found 9 valid formats","timestamp":"2025-03-13 16:24:59","videoId":"aqz-KE-bpKQ"}
{"level":"info","message":"Video info fetched successfully","timestamp":"2025-03-13 16:24:59","videoId":"aqz-KE-bpKQ"}
{"level":"info","message":"Found 9 valid formats","timestamp":"2025-03-13 16:24:59","videoId":"aqz-KE-bpKQ"}
{"level":"info","message":"Video info fetched successfully","timestamp":"2025-03-13 16:24:59","videoId":"aqz-KE-bpKQ"}
{"level":"info","message":"Found 9 valid formats","timestamp":"2025-03-13 16:24:59","videoId":"aqz-KE-bpKQ"}
{"level":"info","message":"Video info fetched successfully","timestamp":"2025-03-13 16:24:59","videoId":"aqz-KE-bpKQ"}
{"level":"info","message":"Found 9 valid formats","timestamp":"2025-03-13 16:24:59","videoId":"aqz-KE-bpKQ"}
{"level":"info","message":"Video info fetched successfully","timestamp":"2025-03-13 16:24:59","videoId":"aqz-KE-bpKQ"}
{"level":"info","message":"Found 9 valid formats","timestamp":"2025-03-13 16:24:59","videoId":"aqz-KE-bpKQ"}
{"level":"info","message":"Video info fetched successfully","timestamp":"2025-03-13 16:24:59","videoId":"aqz-KE-bpKQ"}
{"level":"info","message":"Found 9 valid formats","timestamp":"2025-03-13 16:24:59","videoId":"aqz-KE-bpKQ"}
{"level":"info","message":"Video info fetched successfully","timestamp":"2025-03-13 16:24:59","videoId":"aqz-KE-bpKQ"}
{"level":"info","message":"Found 9 valid formats","timestamp":"2025-03-13 16:24:59","videoId":"aqz-KE-bpKQ"}
{"level":"info","message":"Video info fetched successfully","timestamp":"2025-03-13 16:24:59","videoId":"aqz-KE-bpKQ"}
{"level":"info","message":"Found 9 valid formats","timestamp":"2025-03-13 16:24:59","videoId":"aqz-KE-bpKQ"}
{"level":"info","message":"Video info fetched successfully","timestamp":"2025-03-13 16:24:59","videoId":"aqz-KE-bpKQ"}
{"level":"info","message":"Found 9 valid formats","timestamp":"2025-03-13 16:24:59","videoId":"aqz-KE-bpKQ"}
{"level":"info","message":"Video info fetched successfully","timestamp":"2025-03-13 16:24:59","videoId":"aqz-KE-bpKQ"}
{"level":"info","message":"Found 9 valid formats","timestamp":"2025-03-13 16:24:59","videoId":"aqz-KE-bpKQ"}
{"level":"info","message":"Video info fetched successfully","timestamp":"2025-03-13 16:24:59","videoId":"aqz-KE-bpKQ"}
{"level":"info","message":"Found 9 valid formats","timestamp":"2025-03-13 16:24:59","videoId":"aqz-KE-bpKQ"}
{"level":"info","message":"Video info fetched successfully","timestamp":"2025-03-13 16:24:59","videoId":"aqz-KE-bpKQ"}
{"level":"info","message":"Found 9 valid formats","timestamp":"2025-03-13 16:24:59","videoId":"aqz-KE-bpKQ"}
{"level":"info","message":"Video info fetched successfully","timestamp":"2025-03-13 16:24:59","videoId":"aqz-KE-bpKQ"}
{"level":"info","message":"Found 9 valid formats","timestamp":"2025-03-13 16:24:59","videoId":"aqz-KE-bpKQ"}
{"level":"info","message":"Video info fetched successfully","timestamp":"2025-03-13 16:24:59","videoId":"aqz-KE-bpKQ"}
{"level":"info","message":"Found 9 valid formats","timestamp":"2025-03-13 16:24:59","videoId":"aqz-KE-bpKQ"}
{"level":"info","message":"Video info fetched successfully","timestamp":"2025-03-13 16:24:59","videoId":"aqz-KE-bpKQ"}
{"level":"info","message":"Found 9 valid formats","timestamp":"2025-03-13 16:24:59","videoId":"aqz-KE-bpKQ"}
{"level":"info","message":"Video info fetched successfully","timestamp":"2025-03-13 16:24:59","videoId":"aqz-KE-bpKQ"}
{"level":"info","message":"Found 9 valid formats","timestamp":"2025-03-13 16:24:59","videoId":"aqz-KE-bpKQ"}
{"level":"info","message":"Video info fetched successfully","timestamp":"2025-03-13 16:24:59","videoId":"aqz-KE-bpKQ"}
{"level":"info","message":"Found 9 valid formats","timestamp":"2025-03-13 16:24:59","videoId":"aqz-KE-bpKQ"}
{"level":"info","message":"Video info fetched successfully","timestamp":"2025-03-13 16:24:59","videoId":"aqz-KE-bpKQ"}
{"level":"info","message":"Found 9 valid formats","timestamp":"2025-03-13 16:24:59","videoId":"aqz-KE-bpKQ"}
{"level":"info","message":"Video info fetched successfully","timestamp":"2025-03-13 16:24:59","videoId":"aqz-KE-bpKQ"}
{"level":"info","message":"Found 9 valid formats","timestamp":"2025-03-13 16:24:59","videoId":"aqz-KE-bpKQ"}
{"level":"info","message":"Video info fetched successfully","timestamp":"2025-03-13 16:24:59","videoId":"aqz-KE-bpKQ"}
{"level":"info","message":"Found 9 valid formats","timestamp":"2025-03-13 16:24:59","videoId":"aqz-KE-bpKQ"}
{"level":"info","message":"Video info fetched successfully","timestamp":"2025-03-13 16:24:59","videoId":"aqz-KE-bpKQ"}
{"level":"info","message":"Found 9 valid formats","timestamp":"2025-03-13 16:24:59","videoId":"aqz-KE-bpKQ"}
{"level":"info","message":"Video info fetched successfully","timestamp":"2025-03-13 16:24:59","videoId":"aqz-KE-bpKQ"}
{"level":"info","message":"Found 9 valid formats","timestamp":"2025-03-13 16:24:59","videoId":"aqz-KE-bpKQ"}
{"level":"info","message":"Video info fetched successfully","timestamp":"2025-03-13 16:24:59","videoId":"aqz-KE-bpKQ"}
{"level":"info","message":"Found 9 valid formats","timestamp":"2025-03-13 16:24:59","videoId":"aqz-KE-bpKQ"}
{"level":"info","message":"Video info fetched successfully","timestamp":"2025-03-13 16:24:59","videoId":"aqz-KE-bpKQ"}
{"level":"info","message":"Found 9 valid formats","timestamp":"2025-03-13 16:24:59","videoId":"aqz-KE-bpKQ"}
{"level":"info","message":"Video info fetched successfully","timestamp":"2025-03-13 16:24:59","videoId":"aqz-KE-bpKQ"}
{"level":"info","message":"Found 9 valid formats","timestamp":"2025-03-13 16:24:59","videoId":"aqz-KE-bpKQ"}
{"level":"info","message":"Video info fetched successfully","timestamp":"2025-03-13 16:24:59","videoId":"aqz-KE-bpKQ"}
{"level":"info","message":"Found 9 valid formats","timestamp":"2025-03-13 16:24:59","videoId":"aqz-KE-bpKQ"}
{"level":"info","message":"Video info fetched successfully","timestamp":"2025-03-13 16:24:59","videoId":"aqz-KE-bpKQ"}
{"level":"info","message":"Found 9 valid formats","timestamp":"2025-03-13 16:24:59","videoId":"aqz-KE-bpKQ"}
{"level":"info","message":"Video info fetched successfully","timestamp":"2025-03-13 16:24:59","videoId":"aqz-KE-bpKQ"}
{"level":"info","message":"Found 9 valid formats","timestamp":"2025-03-13 16:24:59","videoId":"aqz-KE-bpKQ"}
{"level":"info","message":"Video info fetched successfully","timestamp":"2025-03-13 16:24:59","videoId":"aqz-KE-bpKQ"}
{"level":"info","message":"Found 9 valid formats","timestamp":"2025-03-13 16:24:59","videoId":"aqz-KE-bpKQ"}
{"level":"info","message":"Video info fetched successfully","timestamp":"2025-03-13 16:24:59","videoId":"aqz-KE-bpKQ"}
{"level":"info","message":"Found 9 valid formats","timestamp":"2025-03-13 16:24:59","videoId":"aqz-KE-bpKQ"}
{"level":"info","message":"Video info fetched successfully","timestamp":"2025-03-13 16:24:59","videoId":"aqz-KE-bpKQ"}
{"level":"info","message":"Found 9 valid formats","timestamp":"2025-03-13 16:24:59","videoId":"aqz-KE-bpKQ"}
{"level":"info","message":"Video info fetched successfully","timestamp":"2025-03-13 16:24:59","videoId":"aqz-KE-bpKQ"}
{"level":"info","message":"Found 9 valid formats","timestamp":"2025-03-13 16:24:59","videoId":"aqz-KE-bpKQ"}
{"level":"info","message":"Video info fetched successfully","timestamp":"2025-03-13 16:24:59","videoId":"aqz-KE-bpKQ"}
{"level":"info","message":"Found 9 valid formats","timestamp":"2025-03-13 16:24:59","videoId":"aqz-KE-bpKQ"}
{"level":"info","message":"Video info fetched successfully","timestamp":"2025-03-13 16:24:59","videoId":"aqz-KE-bpKQ"}
{"level":"info","message":"Found 9 valid formats","timestamp":"2025-03-13 16:24:59","videoId":"aqz-KE-bpKQ"}
{"level":"info","message":"Video info fetched successfully","timestamp":"2025-03-13 16:24:59","videoId":"aqz-KE-bpKQ"}
{"level":"info","message":"Found 9 valid formats","timestamp":"2025-03-13 16:24:59","videoId":"aqz-KE-bpKQ"}
{"level":"info","message":"Video info fetched successfully","timestamp":"2025-03-13 16:24:59","videoId":"aqz-KE-bpKQ"}
{"level":"info","message":"Found 9 valid formats","timestamp":"2025-03-13 16:24:59","videoId":"aqz-KE-bpKQ"}
{"level":"info","message":"Video info fetched successfully","timestamp":"2025-03-13 16:24:59","videoId":"aqz-KE-bpKQ"}
{"level":"info","message":"Found 9 valid formats","timestamp":"2025-03-13 16:24:59","videoId":"aqz-KE-bpKQ"}
{"level":"info","message":"Video info fetched successfully","timestamp":"2025-03-13 16:24:59","videoId":"aqz-KE-bpKQ"}
{"level":"info","message":"Found 9 valid formats","timestamp":"2025-03-13 16:24:59","videoId":"aqz-KE-bpKQ"}
{"level":"info","message":"Video info fetched successfully","timestamp":"2025-03-13 16:24:59","videoId":"aqz-KE-bpKQ"}
{"level":"info","message":"Found 9 valid formats","timestamp":"2025-03-13 16:24:59","videoId":"aqz-KE-bpKQ"}
{"level":"info","message":"Video info fetched successfully","timestamp":"2025-03-13 16:24:59","videoId":"aqz-KE-bpKQ"}
{"level":"info","message":"Found 9 valid formats","timestamp":"2025-03-13 16:24:59","videoId":"aqz-KE-bpKQ"}
{"level":"info","message":"Video info fetched successfully","timestamp":"2025-03-13 16:24:59","videoId":"aqz-KE-bpKQ"}
{"level":"info","message":"Found 9 valid formats","timestamp":"2025-03-13 16:24:59","videoId":"aqz-KE-bpKQ"}
{"level":"info","message":"Video info fetched successfully","timestamp":"2025-03-13 16:24:59","videoId":"aqz-KE-bpKQ"}
{"level":"info","message":"Found 9 valid formats","timestamp":"2025-03-13 16:24:59","videoId":"aqz-KE-bpKQ"}
{"level":"info","message":"Video info fetched successfully","timestamp":"2025-03-13 16:24:59","videoId":"aqz-KE-bpKQ"}
{"level":"info","message":"Found 9 valid formats","timestamp":"2025-03-13 16:24:59","videoId":"aqz-KE-bpKQ"}
{"level":"info","message":"Video info fetched successfully","timestamp":"2025-03-13 16:24:59","videoId":"aqz-KE-bpKQ"}
{"level":"info","message":"Found 9 valid formats","timestamp":"2025-03-13 16:24:59","videoId":"aqz-KE-bpKQ"}
{"level":"info","message":"Video info fetched successfully","timestamp":"2025-03-13 16:24:59","videoId":"aqz-KE-bpKQ"}
{"level":"info","message":"Found 9 valid formats","timestamp":"2025-03-13 16:24:59","videoId":"aqz-KE-bpKQ"}
{"level":"info","message":"Video info fetched successfully","timestamp":"2025-03-13 16:24:59","videoId":"aqz-KE-bpKQ"}
{"level":"info","message":"Found 9 valid formats","timestamp":"2025-03-13 16:24:59","videoId":"aqz-KE-bpKQ"}
{"level":"info","message":"Video info fetched successfully","timestamp":"2025-03-13 16:24:59","videoId":"aqz-KE-bpKQ"}
{"level":"info","message":"Found 9 valid formats","timestamp":"2025-03-13 16:24:59","videoId":"aqz-KE-bpKQ"}
{"level":"info","message":"Video info fetched successfully","timestamp":"2025-03-13 16:24:59","videoId":"aqz-KE-bpKQ"}
{"level":"info","message":"Found 9 valid formats","timestamp":"2025-03-13 16:24:59","videoId":"aqz-KE-bpKQ"}
{"level":"info","message":"Video info fetched successfully","timestamp":"2025-03-13 16:24:59","videoId":"aqz-KE-bpKQ"}
{"level":"info","message":"Found 9 valid formats","timestamp":"2025-03-13 16:24:59","videoId":"aqz-KE-bpKQ"}
{"level":"info","message":"Video info fetched successfully","timestamp":"2025-03-13 16:24:59","videoId":"aqz-KE-bpKQ"}
{"level":"info","message":"Found 9 valid formats","timestamp":"2025-03-13 16:24:59","videoId":"aqz-KE-bpKQ"}
{"level":"info","message":"Video info fetched successfully","timestamp":"2025-03-13 16:24:59","videoId":"aqz-KE-bpKQ"}
{"level":"info","message":"Found 9 valid formats","timestamp":"2025-03-13 16:24:59","videoId":"aqz-KE-bpKQ"}
{"level":"info","message":"Video info fetched successfully","timestamp":"2025-03-13 16:24:59","videoId":"aqz-KE-bpKQ"}
{"level":"info","message":"Found 9 valid formats","timestamp":"2025-03-13 16:24:59","videoId":"aqz-KE-bpKQ"}
{"level":"info","message":"Video info fetched successfully","timestamp":"2025-03-13 16:24:59","videoId":"aqz-KE-bpKQ"}
{"level":"info","message":"Found 9 valid formats","timestamp":"2025-03-13 16:24:59","videoId":"aqz-KE-bpKQ"}
{"level":"info","message":"Video info fetched successfully","timestamp":"2025-03-13 16:24:59","videoId":"aqz-KE-bpKQ"}
{"level":"info","message":"Found 9 valid formats","timestamp":"2025-03-13 16:24:59","videoId":"aqz-KE-bpKQ"}
{"level":"info","message":"Video info fetched successfully","timestamp":"2025-03-13 16:24:59","videoId":"aqz-KE-bpKQ"}
{"level":"info","message":"Found 9 valid formats","timestamp":"2025-03-13 16:24:59","videoId":"aqz-KE-bpKQ"}
{"level":"info","message":"Video info fetched successfully","timestamp":"2025-03-13 16:24:59","videoId":"aqz-KE-bpKQ"}
{"level":"info","message":"Found 9 valid formats","timestamp":"2025-03-13 16:24:59","videoId":"aqz-KE-bpKQ"}
{"level":"info","message":"Video info fetched successfully","timestamp":"2025-03-13 16:24:59","videoId":"aqz-KE-bpKQ"}
{"level":"info","message":"Found 9 valid formats","timestamp":"2025-03-13 16:24:59","videoId":"aqz-KE-bpKQ"}
{"level":"info","message":"Video info fetched successfully","timestamp":"2025-03-13 16:24:59","videoId":"aqz-KE-bpKQ"}
{"level":"info","message":"Found 9 valid formats","timestamp":"2025-03-13 16:24:59","videoId":"aqz-KE-bpKQ"}
{"level":"info","message":"Video info fetched successfully","timestamp":"2025-03-13 16:24:59","videoId":"aqz-KE-bpKQ"}
{"level":"info","message":"Found 9 valid formats","timestamp":"2025-03-13 16:24:59","videoId":"aqz-KE-bpKQ"}
{"level":"info","message":"Video info fetched successfully","timestamp":"2025-03-13 16:24:59","videoId":"aqz-KE-bpKQ"}
{"level":"info","message":"Found 9 valid formats","timestamp":"2025-03-13 16:24:59","videoId":"aqz-KE-bpKQ"}
{"level":"info","message":"Video info fetched successfully","timestamp":"2025-03-13 16:24:59","videoId":"aqz-KE-bpKQ"}
{"level":"info","message":"Found 9 valid formats","timestamp":"2025-03-13 16:24:59","videoId":"aqz-KE-bpKQ"}
{"level":"info","message":"Video info fetched successfully","timestamp":"2025-03-13 16:24:59","videoId":"aqz-KE-bpKQ"}
{"level":"info","message":"Found 9 valid formats","timestamp":"2025-03-13 16:24:59","videoId":"aqz-KE-bpKQ"}
{"level":"info","message":"Video info fetched successfully","timestamp":"2025-03-13 16:24:59","videoId":"aqz-KE-bpKQ"}
{"level":"info","message":"Found 9 valid formats","timestamp":"2025-03-13 16:24:59","videoId":"aqz-KE-bpKQ"}
{"level":"info","message":"Video info fetched successfully","timestamp":"2025-03-13 16:24:59","videoId":"aqz-KE-bpKQ"}
{"level":"info","message":"Found 9 valid formats","timestamp":"2025-03-13 16:24:59","videoId":"aqz-KE-bpKQ"}
{"level":"info","message":"Video info fetched successfully","timestamp":"2025-03-13 16:24:59","videoId":"aqz-KE-bpKQ"}
{"level":"info","message":"Found 9 valid formats","timestamp":"2025-03-13 16:24:59","videoId":"aqz-KE-bpKQ"}
{"level":"info","message":"Video info fetched successfully","timestamp":"2025-03-13 16:24:59","videoId":"aqz-KE-bpKQ"}
{"level":"info","message":"Found 9 valid formats","timestamp":"2025-03-13 16:24:59","videoId":"aqz-KE-bpKQ"}
{"level":"info","message":"Video info fetched successfully","timestamp":"2025-03-13 16:24:59","videoId":"aqz-KE-bpKQ"}
{"level":"info","message":"Found 9 valid formats","timestamp":"2025-03-13 16:24:59","videoId":"aqz-KE-bpKQ"}
{"itag":"18","level":"info","message":"Starting download","timestamp":"2025-03-13 16:24:59","type":"video","url":"https://www.youtube.com/watch?v=aqz-KE-bpKQ","videoId":"aqz-KE-bpKQ"}
{"itag":"18","level":"info","message":"Starting download","timestamp":"2025-03-13 16:24:59","type":"video","url":"https://www.youtube.com/watch?v=aqz-KE-bpKQ","videoId":"aqz-KE-bpKQ"}
{"itag":"18","level":"info","message":"Starting download","timestamp":"2025-03-13 16:24:59","type":"video","url":"https://www.youtube.com/watch?v=aqz-KE-bpKQ","videoId":"aqz-KE-bpKQ"}
{"itag":"18","level":"info","message":"Starting download","timestamp":"2025-03-13 16:24:59","type":"video","url":"https://www.youtube.com/watch?v=aqz-KE-bpKQ","videoId":"aqz-KE-bpKQ"}
{"itag":"18","level":"info","message":"Starting download","timestamp":"2025-03-13 16:24:59","type":"video","url":"https://www.youtube.com/watch?v=aqz-KE-bpKQ","videoId":"aqz-KE-bpKQ"}
{"itag":"18","level":"info","message":"Starting download","timestamp":"2025-03-13 16:24:59","type":"video","url":"https://www.youtube.com/watch?v=aqz-KE-bpKQ","videoId":"aqz-KE-bpKQ"}
{"level":"info","message":"Download cancelled by client","timestamp":"2025-03-13 16:25:11","videoId":"aqz-KE-bpKQ"}
{"level":"info","message":"Download cancelled by client","timestamp":"2025-03-13 16:25:11","videoId":"aqz-KE-bpKQ"}
{"level":"info","message":"Download cancelled by client","timestamp":"2025-03-13 16:25:12","videoId":"aqz-KE-bpKQ"}
{"level":"info","message":"Download cancelled by client","timestamp":"2025-03-13 16:25:12","videoId":"aqz-KE-bpKQ"}
{"level":"info","message":"Download cancelled by client","timestamp":"2025-03-13 16:25:12","videoId":"aqz-KE-bpKQ"}
{"level":"info","message":"Download cancelled by client","timestamp":"2025-03-13 16:25:12","videoId":"aqz-KE-bpKQ"}
